<?xml version="1.0" encoding="UTF-8"?>
<!-- Generated by org.testng.reporters.JUnitReportReporter -->
<testsuite hostname="Joffy" name="Test.UserManagementTestCase" tests="1" failures="0" timestamp="26 Nov 2018 07:13:43 GMT" time="4.274" errors="0">
  <testcase name="UserManagement" time="4.274" classname="Test.UserManagementTestCase"/>
</testsuite> <!-- Test.UserManagementTestCase -->
