<?xml version="1.0" encoding="UTF-8"?>
<!-- Generated by org.testng.reporters.JUnitReportReporter -->
<testsuite hostname="Joffy" name="Test.AccountsTestCase" tests="1" failures="0" timestamp="26 Nov 2018 04:53:47 GMT" time="4.207" errors="0">
  <testcase name="Accounts" time="4.207" classname="Test.AccountsTestCase"/>
</testsuite> <!-- Test.AccountsTestCase -->
