<?xml version="1.0" encoding="UTF-8"?>
<!-- Generated by org.testng.reporters.JUnitReportReporter -->
<testsuite hostname="Joffy" name="Test.CommonMethods" tests="1" failures="0" timestamp="26 Dec 2018 08:09:42 GMT" time="14.169" errors="0">
  <testcase name="openbrowser" time="14.169" classname="Test.CommonMethods"/>
</testsuite> <!-- Test.CommonMethods -->
