<?xml version="1.0" encoding="UTF-8"?>
<!-- Generated by org.testng.reporters.JUnitReportReporter -->
<testsuite hostname="Joffy" name="Test.NotificationTestCase" tests="1" failures="0" timestamp="26 Nov 2018 05:23:40 GMT" time="8.585" errors="0">
  <testcase name="Notifications" time="8.585" classname="Test.NotificationTestCase"/>
</testsuite> <!-- Test.NotificationTestCase -->
