<?xml version="1.0" encoding="UTF-8"?>
<!-- Generated by org.testng.reporters.JUnitReportReporter -->
<testsuite hostname="Joffy" name="Test.LoginTestCase" tests="1" failures="0" timestamp="26 Nov 2018 06:54:19 GMT" time="18.410" errors="0">
  <testcase name="login" time="18.410" classname="Test.LoginTestCase"/>
</testsuite> <!-- Test.LoginTestCase -->
