<?xml version="1.0" encoding="UTF-8"?>
<!-- Generated by org.testng.reporters.JUnitReportReporter -->
<testsuite hostname="Joffy" name="Test.UserManagementTestCase" tests="1" failures="0" timestamp="8 Nov 2018 13:03:51 GMT" time="24.503" errors="0">
  <testcase name="UserManagement" time="24.503" classname="Test.UserManagementTestCase"/>
</testsuite> <!-- Test.UserManagementTestCase -->
