<?xml version="1.0" encoding="UTF-8"?>
<!-- Generated by org.testng.reporters.JUnitReportReporter -->
<testsuite hostname="Joffy" name="Test.CommonMethods" tests="1" failures="0" timestamp="26 Nov 2018 06:54:19 GMT" time="10.917" errors="0">
  <testcase name="openbrowser" time="10.917" classname="Test.CommonMethods"/>
</testsuite> <!-- Test.CommonMethods -->
