<?xml version="1.0" encoding="UTF-8"?>
<!-- Generated by org.testng.reporters.JUnitReportReporter -->
<testsuite hostname="Joffy" name="Test.CommonMethods" tests="1" failures="0" timestamp="8 Nov 2018 13:03:51 GMT" time="15.113" errors="0">
  <testcase name="openbrowser" time="15.113" classname="Test.CommonMethods"/>
</testsuite> <!-- Test.CommonMethods -->
