<?xml version="1.0" encoding="UTF-8"?>
<!-- Generated by org.testng.reporters.JUnitReportReporter -->
<testsuite hostname="Joffy" name="Test.LoginDataDriven" tests="1" failures="0" timestamp="26 Dec 2018 08:09:42 GMT" time="9.500" errors="0">
  <testcase name="usernameEmptyValidation" time="9.500" classname="Test.LoginDataDriven"/>
</testsuite> <!-- Test.LoginDataDriven -->
