<?xml version="1.0" encoding="UTF-8"?>
<!-- Generated by org.testng.reporters.JUnitReportReporter -->
<testsuite hostname="Joffy" name="Test.CommonMethods" tests="1" failures="0" timestamp="1 Nov 2018 09:20:54 GMT" time="18.887" errors="0">
  <testcase name="openbrowser" time="18.887" classname="Test.CommonMethods"/>
</testsuite> <!-- Test.CommonMethods -->
