<?xml version="1.0" encoding="UTF-8"?>
<!-- Generated by org.testng.reporters.JUnitReportReporter -->
<testsuite hostname="Joffy" name="Test.PaymentTestCase" tests="1" failures="0" timestamp="10 Nov 2018 06:19:32 GMT" time="6.215" errors="0">
  <testcase name="Payments" time="6.215" classname="Test.PaymentTestCase"/>
</testsuite> <!-- Test.PaymentTestCase -->
